('LUMO-HOMO GAP = ', 0.32553089934042256)
('LUMO-HOMO GAP = ', 0.3254548102055147)
('LUMO-HOMO GAP = ', 0.3255113216039473)
('LUMO-HOMO GAP = ', 0.3255132369424587)
('LUMO-HOMO GAP = ', 0.3255135244536432)
('LUMO-HOMO GAP = ', 0.32551350000788226)
('LUMO-HOMO GAP = ', 0.3255134954108653)
('LUMO-HOMO GAP = ', 0.32551349352130754)
converged SCF energy = -154.816363386411
('LUMO-HOMO GAP = ', 0.32551349352130754)
('LUMO-HOMO GAP = ', 0.3345599069158296)
('LUMO-HOMO GAP = ', 0.33458514233973774)
('LUMO-HOMO GAP = ', 0.33465530336010996)
('LUMO-HOMO GAP = ', 0.3346562731478789)
('LUMO-HOMO GAP = ', 0.334656317294051)
('LUMO-HOMO GAP = ', 0.3346563231237723)
converged SCF energy = -76.0174061933097
('LUMO-HOMO GAP = ', 0.3346563231237723)
('LUMO-HOMO GAP = ', 0.409679106808586)
('LUMO-HOMO GAP = ', 0.4096824653581095)
('LUMO-HOMO GAP = ', 0.40968347447052533)
('LUMO-HOMO GAP = ', 0.4096836336953706)
('LUMO-HOMO GAP = ', 0.4096836239715105)
('LUMO-HOMO GAP = ', 0.4096836273680274)
converged SCF energy = -79.94048273152
('LUMO-HOMO GAP = ', 0.4096836273680274)
('LUMO-HOMO GAP = ', 0.3469040087481332)
('LUMO-HOMO GAP = ', 0.3468693552318295)
('LUMO-HOMO GAP = ', 0.34691303645842)
('LUMO-HOMO GAP = ', 0.346913274145786)
('LUMO-HOMO GAP = ', 0.3469132052871041)
('LUMO-HOMO GAP = ', 0.34691321290532673)
converged SCF energy = -76.0509203428872
('LUMO-HOMO GAP = ', 0.34691321290532673)
('LUMO-HOMO GAP = ', 0.3549240033712436)
('LUMO-HOMO GAP = ', 0.3549268668654829)
('LUMO-HOMO GAP = ', 0.3549384397613378)
('LUMO-HOMO GAP = ', 0.3549387040256627)
('LUMO-HOMO GAP = ', 0.35493888837570775)
('LUMO-HOMO GAP = ', 0.35493887945963054)
('LUMO-HOMO GAP = ', 0.35493887902088933)
converged SCF energy = -80.6614567917509
('LUMO-HOMO GAP = ', 0.35493887902088933)
('grad_max = ', 0.0007401505136017672)
('W = ', 155.1991974453671)
('Max Abs Ovlp Value = ', 0.00029137769191068304)
('shape of a-vext-coeff = ', (39, 5))
('shape of b-vext-coeff = ', (39, 8))
('shape of MO-vext-ovlp = ', (5, 8))
('N_iteration = ', 1)
('LUMO-HOMO GAP = ', 0.5136837583623787)
('LUMO-HOMO GAP = ', 0.6265128127602938)
('LUMO-HOMO GAP = ', 0.5771260043769971)
('LUMO-HOMO GAP = ', 0.5782608807836099)
('LUMO-HOMO GAP = ', 0.5782803256014154)
('LUMO-HOMO GAP = ', 0.578281645838123)
('LUMO-HOMO GAP = ', 0.5782815735877415)
('LUMO-HOMO GAP = ', 0.5782815781153333)
converged SCF energy = -76.8131000177398
('LUMO-HOMO GAP = ', 0.5782815781153333)
('LUMO-HOMO GAP = ', 0.35490978626834774)
('LUMO-HOMO GAP = ', 0.2898038678845388)
('LUMO-HOMO GAP = ', 0.3185445134601048)
('LUMO-HOMO GAP = ', 0.3181621968954985)
('LUMO-HOMO GAP = ', 0.31771530210318233)
('LUMO-HOMO GAP = ', 0.31777789352848734)
('LUMO-HOMO GAP = ', 0.3177775929456641)
('LUMO-HOMO GAP = ', 0.31777762499851225)
('LUMO-HOMO GAP = ', 0.31777750416960915)
('LUMO-HOMO GAP = ', 0.3177775154942737)
converged SCF energy = -81.6996569182664
('LUMO-HOMO GAP = ', 0.3177775154942737)
('grad_max = ', 1.5420866632374348)
('W = ', 157.42418210790763)
('Max Abs Ovlp Value = ', 0.3757701988204801)
('shape of a-vext-coeff = ', (39, 5))
('shape of b-vext-coeff = ', (39, 8))
('shape of MO-vext-ovlp = ', (5, 8))
('Ovlp of MO ', 1, ' & ', 3, ' = ', -0.018043412128286872)
('Ovlp of MO ', 2, ' & ', 3, ' = ', -0.20242626392084723)
('Ovlp of MO ', 2, ' & ', 4, ' = ', -0.07258818210667023)
('Ovlp of MO ', 2, ' & ', 5, ' = ', 0.02976724758631716)
('Ovlp of MO ', 2, ' & ', 6, ' = ', -0.033605736517841114)
('Ovlp of MO ', 2, ' & ', 7, ' = ', 0.016943486798264563)
('Ovlp of MO ', 3, ' & ', 3, ' = ', 0.3757701988204801)
('Ovlp of MO ', 3, ' & ', 4, ' = ', 0.12109004868133308)
('Ovlp of MO ', 3, ' & ', 6, ' = ', 0.044853809788759684)
('Ovlp of MO ', 3, ' & ', 8, ' = ', -0.024134863808494493)
('Ovlp of MO ', 4, ' & ', 3, ' = ', -0.047753226000427314)
('Ovlp of MO ', 4, ' & ', 4, ' = ', -0.023673338926320727)
('Ovlp of MO ', 4, ' & ', 6, ' = ', -0.027555281421151462)
('Ovlp of MO ', 4, ' & ', 7, ' = ', -0.013490220501070885)
('Ovlp of MO ', 4, ' & ', 8, ' = ', 0.016529273576816456)
('Ovlp of MO ', 5, ' & ', 4, ' = ', 0.01603886146962195)
('Ovlp of MO ', 5, ' & ', 5, ' = ', 0.011611776716237109)
('Ovlp of MO ', 5, ' & ', 6, ' = ', -0.10856060111065309)
('Ovlp of MO ', 5, ' & ', 7, ' = ', -0.056370149334951346)
('Ovlp of MO ', 5, ' & ', 8, ' = ', 0.04633234611173817)
('N_iteration = ', 2)
('LUMO-HOMO GAP = ', 0.39739885008718223)
('LUMO-HOMO GAP = ', 0.29574842032191295)
('LUMO-HOMO GAP = ', 0.3488176767603739)
('LUMO-HOMO GAP = ', 0.3473970620273017)
('LUMO-HOMO GAP = ', 0.347511120264832)
('LUMO-HOMO GAP = ', 0.34750676460601293)
('LUMO-HOMO GAP = ', 0.3475067369548348)
('LUMO-HOMO GAP = ', 0.347506729125177)
converged SCF energy = -76.0507922850492
('LUMO-HOMO GAP = ', 0.347506729125177)
('LUMO-HOMO GAP = ', 0.3315179024339683)
('LUMO-HOMO GAP = ', 0.3504968495042565)
('LUMO-HOMO GAP = ', 0.3546619380998837)
('LUMO-HOMO GAP = ', 0.355398284983059)
('LUMO-HOMO GAP = ', 0.35523813609062843)
('LUMO-HOMO GAP = ', 0.35529770009663725)
('LUMO-HOMO GAP = ', 0.35528933969684284)
('LUMO-HOMO GAP = ', 0.3552893731564328)
('LUMO-HOMO GAP = ', 0.3552894836897357)
('LUMO-HOMO GAP = ', 0.35528947151434886)
converged SCF energy = -80.6613119061751
('LUMO-HOMO GAP = ', 0.35528947151434886)
('grad_max = ', 0.0020741405870383645)
('W = ', 155.19919866159776)
('Max Abs Ovlp Value = ', 0.00028994489309293824)
('shape of a-vext-coeff = ', (39, 5))
('shape of b-vext-coeff = ', (39, 8))
('shape of MO-vext-ovlp = ', (5, 8))
('N_iteration = ', 3)
('LUMO-HOMO GAP = ', 0.3470916143337893)
('LUMO-HOMO GAP = ', 0.3471498624112041)
('LUMO-HOMO GAP = ', 0.3471188288916379)
('LUMO-HOMO GAP = ', 0.34711989086575135)
('LUMO-HOMO GAP = ', 0.3471201729764077)
('LUMO-HOMO GAP = ', 0.34712015362672766)
('LUMO-HOMO GAP = ', 0.3471201534900542)
converged SCF energy = -76.0508753218074
('LUMO-HOMO GAP = ', 0.3471201534900542)
('LUMO-HOMO GAP = ', 0.3550673643500748)
('LUMO-HOMO GAP = ', 0.35507107835536494)
('LUMO-HOMO GAP = ', 0.35506080495959025)
('LUMO-HOMO GAP = ', 0.3550623526596284)
('LUMO-HOMO GAP = ', 0.3550622574623927)
('LUMO-HOMO GAP = ', 0.35506227022536097)
('LUMO-HOMO GAP = ', 0.35506226914317496)
converged SCF energy = -80.6614057680162
('LUMO-HOMO GAP = ', 0.35506226914317496)
('grad_max = ', 0.0004453729687738661)
('W = ', 155.19919695207847)
('Max Abs Ovlp Value = ', 0.00029087982032152844)
('shape of a-vext-coeff = ', (39, 5))
('shape of b-vext-coeff = ', (39, 8))
('shape of MO-vext-ovlp = ', (5, 8))
('N_iteration = ', 4)
('LUMO-HOMO GAP = ', 0.347149833966322)
('LUMO-HOMO GAP = ', 0.34715809808439624)
('LUMO-HOMO GAP = ', 0.3471535897387371)
('LUMO-HOMO GAP = ', 0.3471540166140379)
('LUMO-HOMO GAP = ', 0.3471539884275975)
('LUMO-HOMO GAP = ', 0.34715399188688634)
converged SCF energy = -76.0508781883341
('LUMO-HOMO GAP = ', 0.34715399188688634)
('LUMO-HOMO GAP = ', 0.3550496379439291)
('LUMO-HOMO GAP = ', 0.35504749343273545)
('LUMO-HOMO GAP = ', 0.3550489091532772)
('LUMO-HOMO GAP = ', 0.3550487393160041)
('LUMO-HOMO GAP = ', 0.35504879136432105)
('LUMO-HOMO GAP = ', 0.35504878084761804)
converged SCF energy = -80.6614018022478
('LUMO-HOMO GAP = ', 0.35504878084761804)
('grad_max = ', 0.0002876375786383138)
('W = ', 155.19919671335992)
('Max Abs Ovlp Value = ', 0.0002902555884952036)
('shape of a-vext-coeff = ', (39, 5))
('shape of b-vext-coeff = ', (39, 8))
('shape of MO-vext-ovlp = ', (5, 8))
('N_iteration = ', 5)
('LUMO-HOMO GAP = ', 0.34722875339683285)
('LUMO-HOMO GAP = ', 0.3472893071851224)
('LUMO-HOMO GAP = ', 0.34725730017539186)
('LUMO-HOMO GAP = ', 0.34725808598899455)
('LUMO-HOMO GAP = ', 0.3472580647819865)
converged SCF energy = -76.0508694925015
('LUMO-HOMO GAP = ', 0.3472580647819865)
('LUMO-HOMO GAP = ', 0.3550375817927232)
('LUMO-HOMO GAP = ', 0.3550324766424397)
('LUMO-HOMO GAP = ', 0.3550348897606422)
('LUMO-HOMO GAP = ', 0.35503405299727064)
('LUMO-HOMO GAP = ', 0.3550342830642072)
('LUMO-HOMO GAP = ', 0.3550342479213141)
('LUMO-HOMO GAP = ', 0.35503424722439253)
converged SCF energy = -80.6613919693092
('LUMO-HOMO GAP = ', 0.35503424722439253)
('grad_max = ', 0.0001711671317041752)
('W = ', 155.19919606864227)
('Max Abs Ovlp Value = ', 0.00028647164827514066)
('shape of a-vext-coeff = ', (39, 5))
('shape of b-vext-coeff = ', (39, 8))
('shape of MO-vext-ovlp = ', (5, 8))
('N_iteration = ', 6)
('LUMO-HOMO GAP = ', 0.34726940316278515)
('LUMO-HOMO GAP = ', 0.34729992582441005)
('LUMO-HOMO GAP = ', 0.34728055734334096)
('LUMO-HOMO GAP = ', 0.3472812338578719)
('LUMO-HOMO GAP = ', 0.3472811265385812)
('LUMO-HOMO GAP = ', 0.3472811295840788)
converged SCF energy = -76.0508523404215
('LUMO-HOMO GAP = ', 0.3472811295840788)
('LUMO-HOMO GAP = ', 0.35504339051911005)
('LUMO-HOMO GAP = ', 0.35503912933380033)
('LUMO-HOMO GAP = ', 0.35504159299242694)
('LUMO-HOMO GAP = ', 0.3550413578106614)
('LUMO-HOMO GAP = ', 0.35504148899068566)
('LUMO-HOMO GAP = ', 0.35504145845558716)
('LUMO-HOMO GAP = ', 0.3550414576389894)
converged SCF energy = -80.6614057139016
('LUMO-HOMO GAP = ', 0.3550414576389894)
('grad_max = ', 0.0003195521212857426)
('W = ', 155.1991957826455)
('Max Abs Ovlp Value = ', 0.000282832559118927)
('shape of a-vext-coeff = ', (39, 5))
('shape of b-vext-coeff = ', (39, 8))
('shape of MO-vext-ovlp = ', (5, 8))
('N_iteration = ', 7)
('LUMO-HOMO GAP = ', 0.3472629460574911)
('LUMO-HOMO GAP = ', 0.3473375882728503)
('LUMO-HOMO GAP = ', 0.3472961344419444)
('LUMO-HOMO GAP = ', 0.34729657080893966)
('LUMO-HOMO GAP = ', 0.34729660636887427)
('LUMO-HOMO GAP = ', 0.3472965967718582)
converged SCF energy = -76.0508463592844
('LUMO-HOMO GAP = ', 0.3472965967718582)
('LUMO-HOMO GAP = ', 0.3550047822301428)
('LUMO-HOMO GAP = ', 0.3549957396388671)
('LUMO-HOMO GAP = ', 0.3549995954785931)
('LUMO-HOMO GAP = ', 0.354999093713973)
('LUMO-HOMO GAP = ', 0.35499921944834517)
('LUMO-HOMO GAP = ', 0.3549992034858327)
('LUMO-HOMO GAP = ', 0.3549992019756792)
converged SCF energy = -80.6614427399202
('LUMO-HOMO GAP = ', 0.3549992019756792)
('grad_max = ', 0.0002235329171477382)
('W = ', 155.19919540310158)
('Max Abs Ovlp Value = ', 0.0002762547405067376)
('shape of a-vext-coeff = ', (39, 5))
('shape of b-vext-coeff = ', (39, 8))
('shape of MO-vext-ovlp = ', (5, 8))
('N_iteration = ', 8)
('LUMO-HOMO GAP = ', 0.3474123457007216)
('LUMO-HOMO GAP = ', 0.3474683212210742)
('LUMO-HOMO GAP = ', 0.34743630171076306)
('LUMO-HOMO GAP = ', 0.34743742132273725)
('LUMO-HOMO GAP = ', 0.3474372988200076)
('LUMO-HOMO GAP = ', 0.347437296351125)
converged SCF energy = -76.0508159548559
('LUMO-HOMO GAP = ', 0.347437296351125)
('LUMO-HOMO GAP = ', 0.35502997354960036)
('LUMO-HOMO GAP = ', 0.3550166445703115)
('LUMO-HOMO GAP = ', 0.35502199634006293)
('LUMO-HOMO GAP = ', 0.3550214998035192)
('LUMO-HOMO GAP = ', 0.35502161520776565)
('LUMO-HOMO GAP = ', 0.3550216067155701)
('LUMO-HOMO GAP = ', 0.3550216056952053)
converged SCF energy = -80.6615147003733
('LUMO-HOMO GAP = ', 0.3550216056952053)
('grad_max = ', 0.00019025517785504348)
('W = ', 155.19919502757975)
('Max Abs Ovlp Value = ', 0.00026877496610954924)
('shape of a-vext-coeff = ', (39, 5))
('shape of b-vext-coeff = ', (39, 8))
('shape of MO-vext-ovlp = ', (5, 8))
('N_iteration = ', 9)
('LUMO-HOMO GAP = ', 0.34757175857445577)
('LUMO-HOMO GAP = ', 0.3476487723372478)
('LUMO-HOMO GAP = ', 0.34760919585227523)
('LUMO-HOMO GAP = ', 0.3476098510255926)
('LUMO-HOMO GAP = ', 0.34760980601868563)
('LUMO-HOMO GAP = ', 0.34760981571185445)
converged SCF energy = -76.0508134415117
('LUMO-HOMO GAP = ', 0.34760981571185445)
('LUMO-HOMO GAP = ', 0.3550104452729837)
('LUMO-HOMO GAP = ', 0.3550002224664651)
('LUMO-HOMO GAP = ', 0.3550056939251703)
('LUMO-HOMO GAP = ', 0.35500571667731695)
('LUMO-HOMO GAP = ', 0.3550057749273798)
('LUMO-HOMO GAP = ', 0.3550057550187659)
('LUMO-HOMO GAP = ', 0.35500575555416347)
converged SCF energy = -80.6615651575796
('LUMO-HOMO GAP = ', 0.35500575555416347)
('grad_max = ', 0.0002170709530585624)
('W = ', 155.19919470172061)
('Max Abs Ovlp Value = ', 0.0002594983769553214)
('shape of a-vext-coeff = ', (39, 5))
('shape of b-vext-coeff = ', (39, 8))
('shape of MO-vext-ovlp = ', (5, 8))
('N_iteration = ', 10)
('LUMO-HOMO GAP = ', 0.3477092786514885)
('LUMO-HOMO GAP = ', 0.34773555638421216)
('LUMO-HOMO GAP = ', 0.34772245680660097)
('LUMO-HOMO GAP = ', 0.3477229384431795)
('LUMO-HOMO GAP = ', 0.3477228780792392)
('LUMO-HOMO GAP = ', 0.34772287849061784)
converged SCF energy = -76.0507931245771
('LUMO-HOMO GAP = ', 0.34772287849061784)
('LUMO-HOMO GAP = ', 0.35502311855858115)
('LUMO-HOMO GAP = ', 0.3550237183278896)
('LUMO-HOMO GAP = ', 0.35502289255619535)
('LUMO-HOMO GAP = ', 0.3550231232902599)
('LUMO-HOMO GAP = ', 0.3550230728734048)
('LUMO-HOMO GAP = ', 0.35502308443293634)
('LUMO-HOMO GAP = ', 0.35502308177700104)
converged SCF energy = -80.6615870157324
('LUMO-HOMO GAP = ', 0.35502308177700104)
('grad_max = ', 0.0001430107345046644)
('W = ', 155.19919442980665)
('Max Abs Ovlp Value = ', 0.00025353991563778814)
('shape of a-vext-coeff = ', (39, 5))
('shape of b-vext-coeff = ', (39, 8))
('shape of MO-vext-ovlp = ', (5, 8))
('N_iteration = ', 11)
('LUMO-HOMO GAP = ', 0.347793901009091)
('LUMO-HOMO GAP = ', 0.3478194726159096)
('LUMO-HOMO GAP = ', 0.3478070111568856)
('LUMO-HOMO GAP = ', 0.3478073635806079)
('LUMO-HOMO GAP = ', 0.3478073122426486)
('LUMO-HOMO GAP = ', 0.34780731869146786)
converged SCF energy = -76.050769057312
('LUMO-HOMO GAP = ', 0.34780731869146786)
('LUMO-HOMO GAP = ', 0.3550388039405906)
('LUMO-HOMO GAP = ', 0.3550401761890086)
('LUMO-HOMO GAP = ', 0.35503880119410497)
('LUMO-HOMO GAP = ', 0.3550393678965342)
('LUMO-HOMO GAP = ', 0.35503933178507996)
('LUMO-HOMO GAP = ', 0.35503933631014145)
converged SCF energy = -80.6616145344931
('LUMO-HOMO GAP = ', 0.35503933631014145)
('grad_max = ', 0.0001180733555590785)
('W = ', 155.1991941251864)
('Max Abs Ovlp Value = ', 0.0002446836986180611)
('shape of a-vext-coeff = ', (39, 5))
('shape of b-vext-coeff = ', (39, 8))
('shape of MO-vext-ovlp = ', (5, 8))
('N_iteration = ', 12)
('LUMO-HOMO GAP = ', 0.34785518319642655)
('LUMO-HOMO GAP = ', 0.3478943027440534)
('LUMO-HOMO GAP = ', 0.34787366593705027)
('LUMO-HOMO GAP = ', 0.34787364135506726)
('LUMO-HOMO GAP = ', 0.3478736760963384)
('LUMO-HOMO GAP = ', 0.34787366809430875)
converged SCF energy = -76.0507546952959
('LUMO-HOMO GAP = ', 0.34787366809430875)
('LUMO-HOMO GAP = ', 0.35502664500008296)
('LUMO-HOMO GAP = ', 0.35503533114817476)
('LUMO-HOMO GAP = ', 0.35503192485755763)
('LUMO-HOMO GAP = ', 0.35503245401050315)
('LUMO-HOMO GAP = ', 0.35503244896920266)
('LUMO-HOMO GAP = ', 0.35503245739389766)
('LUMO-HOMO GAP = ', 0.3550324563596092)
converged SCF energy = -80.6616201152154
('LUMO-HOMO GAP = ', 0.3550324563596092)
('grad_max = ', 0.0001743320555583211)
('W = ', 155.19919383407424)
('Max Abs Ovlp Value = ', 0.00023096281057453295)
('shape of a-vext-coeff = ', (39, 5))
('shape of b-vext-coeff = ', (39, 8))
('shape of MO-vext-ovlp = ', (5, 8))
('N_iteration = ', 13)
('LUMO-HOMO GAP = ', 0.3478658096413226)
('LUMO-HOMO GAP = ', 0.3478761164328842)
('LUMO-HOMO GAP = ', 0.3478698901813315)
('LUMO-HOMO GAP = ', 0.34786996842781637)
('LUMO-HOMO GAP = ', 0.34786999990841716)
('LUMO-HOMO GAP = ', 0.3478699938281823)
converged SCF energy = -76.0507518503728
('LUMO-HOMO GAP = ', 0.3478699938281823)
('LUMO-HOMO GAP = ', 0.35502589534097784)
('LUMO-HOMO GAP = ', 0.3550317602400962)
('LUMO-HOMO GAP = ', 0.35502790263819695)
('LUMO-HOMO GAP = ', 0.35502843451832206)
('LUMO-HOMO GAP = ', 0.3550284025474212)
('LUMO-HOMO GAP = ', 0.3550284028959516)
('LUMO-HOMO GAP = ', 0.35502840354061477)
converged SCF energy = -80.66164165274
('LUMO-HOMO GAP = ', 0.35502840354061477)
('grad_max = ', 0.00013816630627899729)
('W = ', 155.19919361645344)
('Max Abs Ovlp Value = ', 0.00021945256332173816)
('shape of a-vext-coeff = ', (39, 5))
('shape of b-vext-coeff = ', (39, 8))
('shape of MO-vext-ovlp = ', (5, 8))
('N_iteration = ', 14)
('LUMO-HOMO GAP = ', 0.3478173121398187)
('LUMO-HOMO GAP = ', 0.3478200947459019)
('LUMO-HOMO GAP = ', 0.3478167538825595)
('LUMO-HOMO GAP = ', 0.3478171267486765)
('LUMO-HOMO GAP = ', 0.3478171563519098)
('LUMO-HOMO GAP = ', 0.34781715237093486)
converged SCF energy = -76.050775032275
('LUMO-HOMO GAP = ', 0.34781715237093486)
('LUMO-HOMO GAP = ', 0.3550327707114226)
('LUMO-HOMO GAP = ', 0.3550356956033104)
('LUMO-HOMO GAP = ', 0.3550339910373279)
('LUMO-HOMO GAP = ', 0.3550343754157)
('LUMO-HOMO GAP = ', 0.3550343378096281)
('LUMO-HOMO GAP = ', 0.355034345244866)
('LUMO-HOMO GAP = ', 0.35503434436451803)
converged SCF energy = -80.6616571368854
('LUMO-HOMO GAP = ', 0.35503434436451803)
('grad_max = ', 0.00011858861683350375)
('W = ', 155.19919343325856)
('Max Abs Ovlp Value = ', 0.00020918323337740943)
('shape of a-vext-coeff = ', (39, 5))
('shape of b-vext-coeff = ', (39, 8))
('shape of MO-vext-ovlp = ', (5, 8))
('N_iteration = ', 15)
('LUMO-HOMO GAP = ', 0.3478078725845085)
('LUMO-HOMO GAP = ', 0.3477849569627052)
('LUMO-HOMO GAP = ', 0.3477966399162573)
('LUMO-HOMO GAP = ', 0.3477963634818838)
('LUMO-HOMO GAP = ', 0.34779637834026594)
('LUMO-HOMO GAP = ', 0.34779637576331346)
converged SCF energy = -76.0508053419411
('LUMO-HOMO GAP = ', 0.34779637576331346)
('LUMO-HOMO GAP = ', 0.3550072420509528)
('LUMO-HOMO GAP = ', 0.3550100704538781)
('LUMO-HOMO GAP = ', 0.3550075329302037)
('LUMO-HOMO GAP = ', 0.3550081079369528)
('LUMO-HOMO GAP = ', 0.35500805317745254)
('LUMO-HOMO GAP = ', 0.3550080526003422)
('LUMO-HOMO GAP = ', 0.3550080514724847)
converged SCF energy = -80.6616870885902
('LUMO-HOMO GAP = ', 0.3550080514724847)
('grad_max = ', 0.00014537897561737317)
('W = ', 155.19919322447961)
('Max Abs Ovlp Value = ', 0.0001964911164411996)
('shape of a-vext-coeff = ', (39, 5))
('shape of b-vext-coeff = ', (39, 8))
('shape of MO-vext-ovlp = ', (5, 8))
('N_iteration = ', 16)
('LUMO-HOMO GAP = ', 0.3478724432034923)
('LUMO-HOMO GAP = ', 0.3478183417454286)
('LUMO-HOMO GAP = ', 0.3478471126926928)
('LUMO-HOMO GAP = ', 0.34784673415309)
('LUMO-HOMO GAP = ', 0.34784673295319135)
converged SCF energy = -76.0508221155096
('LUMO-HOMO GAP = ', 0.34784673295319135)
('LUMO-HOMO GAP = ', 0.35510985318767774)
('LUMO-HOMO GAP = ', 0.35511755473623746)
('LUMO-HOMO GAP = ', 0.3551135467977917)
('LUMO-HOMO GAP = ', 0.355114310614031)
('LUMO-HOMO GAP = ', 0.3551141274754781)
('LUMO-HOMO GAP = ', 0.355114119292142)
('LUMO-HOMO GAP = ', 0.35511411969233453)
converged SCF energy = -80.6616887244072
('LUMO-HOMO GAP = ', 0.35511411969233453)
('grad_max = ', 0.0007928900844722531)
('W = ', 155.19919311417223)
('Max Abs Ovlp Value = ', 0.0001773482633761572)
('shape of a-vext-coeff = ', (39, 5))
('shape of b-vext-coeff = ', (39, 8))
('shape of MO-vext-ovlp = ', (5, 8))
('N_iteration = ', 17)
('LUMO-HOMO GAP = ', 0.347813029084623)
('LUMO-HOMO GAP = ', 0.3478098025485965)
('LUMO-HOMO GAP = ', 0.34781349934103)
('LUMO-HOMO GAP = ', 0.3478124507987871)
('LUMO-HOMO GAP = ', 0.3478124189579944)
('LUMO-HOMO GAP = ', 0.34781242416780944)
converged SCF energy = -76.0508502745204
('LUMO-HOMO GAP = ', 0.34781242416780944)
('LUMO-HOMO GAP = ', 0.3550554282910738)
('LUMO-HOMO GAP = ', 0.35505067085727937)
('LUMO-HOMO GAP = ', 0.3550515268881563)
('LUMO-HOMO GAP = ', 0.3550511415541415)
('LUMO-HOMO GAP = ', 0.3550511909839253)
('LUMO-HOMO GAP = ', 0.35505117504014805)
('LUMO-HOMO GAP = ', 0.35505117672007597)
converged SCF energy = -80.6617240373477
('LUMO-HOMO GAP = ', 0.35505117672007597)
('grad_max = ', 0.00012343436192779889)
('W = ', 155.1991929048356)
('Max Abs Ovlp Value = ', 0.00017412945467731118)
('shape of a-vext-coeff = ', (39, 5))
('shape of b-vext-coeff = ', (39, 8))
('shape of MO-vext-ovlp = ', (5, 8))
('N_iteration = ', 18)
('LUMO-HOMO GAP = ', 0.3478336068864192)
('LUMO-HOMO GAP = ', 0.34781879341297095)
('LUMO-HOMO GAP = ', 0.3478273908166435)
('LUMO-HOMO GAP = ', 0.34782743613563716)
('LUMO-HOMO GAP = ', 0.34782740842414184)
('LUMO-HOMO GAP = ', 0.3478274140431631)
converged SCF energy = -76.050854753323
('LUMO-HOMO GAP = ', 0.3478274140431631)
('LUMO-HOMO GAP = ', 0.3550437871128696)
('LUMO-HOMO GAP = ', 0.3550410803679671)
('LUMO-HOMO GAP = ', 0.3550420219752984)
('LUMO-HOMO GAP = ', 0.3550418022152426)
('LUMO-HOMO GAP = ', 0.3550418206836913)
('LUMO-HOMO GAP = ', 0.35504181728438217)
('LUMO-HOMO GAP = ', 0.3550418176796206)
converged SCF energy = -80.6617332552331
('LUMO-HOMO GAP = ', 0.3550418176796206)
('grad_max = ', 8.267755126933896e-05)
('W = ', 155.19919282866036)
('Max Abs Ovlp Value = ', 0.0001723595135575108)
('shape of a-vext-coeff = ', (39, 5))
('shape of b-vext-coeff = ', (39, 8))
('shape of MO-vext-ovlp = ', (5, 8))
('N_iteration = ', 19)
('LUMO-HOMO GAP = ', 0.34784073439770813)
('LUMO-HOMO GAP = ', 0.34780928193567817)
('LUMO-HOMO GAP = ', 0.3478265467003241)
('LUMO-HOMO GAP = ', 0.3478265120229277)
('LUMO-HOMO GAP = ', 0.3478264899777591)
('LUMO-HOMO GAP = ', 0.3478264952052293)
converged SCF energy = -76.0508728351912
('LUMO-HOMO GAP = ', 0.3478264952052293)
('LUMO-HOMO GAP = ', 0.3550391129992522)
('LUMO-HOMO GAP = ', 0.35503595621883854)
('LUMO-HOMO GAP = ', 0.3550368575640784)
('LUMO-HOMO GAP = ', 0.35503671013936167)
('LUMO-HOMO GAP = ', 0.35503676591242495)
('LUMO-HOMO GAP = ', 0.3550367483505518)
('LUMO-HOMO GAP = ', 0.35503674952820796)
converged SCF energy = -80.6617425494521
('LUMO-HOMO GAP = ', 0.35503674952820796)
('grad_max = ', 0.00013049766564177112)
('W = ', 155.199192724642)
('Max Abs Ovlp Value = ', 0.0001654639610498146)
('shape of a-vext-coeff = ', (39, 5))
('shape of b-vext-coeff = ', (39, 8))
('shape of MO-vext-ovlp = ', (5, 8))
('N_iteration = ', 20)
('LUMO-HOMO GAP = ', 0.3478824686434629)
('LUMO-HOMO GAP = ', 0.3478174116444927)
('LUMO-HOMO GAP = ', 0.347851176465677)
('LUMO-HOMO GAP = ', 0.3478509711468254)
('LUMO-HOMO GAP = ', 0.34785086160881773)
('LUMO-HOMO GAP = ', 0.3478508752662577)
converged SCF energy = -76.0509054404321
('LUMO-HOMO GAP = ', 0.3478508752662577)
('LUMO-HOMO GAP = ', 0.35508105356035996)
('LUMO-HOMO GAP = ', 0.35507753759414495)
('LUMO-HOMO GAP = ', 0.3550782619778933)
('LUMO-HOMO GAP = ', 0.3550783109427213)
('LUMO-HOMO GAP = ', 0.355078297518125)
('LUMO-HOMO GAP = ', 0.35507829649797135)
converged SCF energy = -80.6617441974086
('LUMO-HOMO GAP = ', 0.35507829649797135)
('grad_max = ', 0.0003860568083781102)
('W = ', 155.19919263280266)
('Max Abs Ovlp Value = ', 0.00015086737005075846)
('shape of a-vext-coeff = ', (39, 5))
('shape of b-vext-coeff = ', (39, 8))
('shape of MO-vext-ovlp = ', (5, 8))
('N_iteration = ', 21)
('LUMO-HOMO GAP = ', 0.3478312012344131)
('LUMO-HOMO GAP = ', 0.34781861249193724)
('LUMO-HOMO GAP = ', 0.3478271145511407)
('LUMO-HOMO GAP = ', 0.34782597587595177)
('LUMO-HOMO GAP = ', 0.3478261126740336)
('LUMO-HOMO GAP = ', 0.34782610838607764)
converged SCF energy = -76.0509439428162
('LUMO-HOMO GAP = ', 0.34782610838607764)
('LUMO-HOMO GAP = ', 0.35505584553257175)
('LUMO-HOMO GAP = ', 0.3550542206825176)
('LUMO-HOMO GAP = ', 0.3550548644070921)
('LUMO-HOMO GAP = ', 0.3550546208229121)
('LUMO-HOMO GAP = ', 0.35505464213141724)
('LUMO-HOMO GAP = ', 0.355054637910202)
('LUMO-HOMO GAP = ', 0.35505463794787234)
converged SCF energy = -80.6617428911064
('LUMO-HOMO GAP = ', 0.35505463794787234)
('grad_max = ', 7.20451768536634e-05)
('W = ', 155.1991925137921)
('Max Abs Ovlp Value = ', 0.00014100595373529976)
('shape of a-vext-coeff = ', (39, 5))
('shape of b-vext-coeff = ', (39, 8))
('shape of MO-vext-ovlp = ', (5, 8))
('N_iteration = ', 22)
('LUMO-HOMO GAP = ', 0.3478232320562464)
('LUMO-HOMO GAP = ', 0.34782711447686143)
('LUMO-HOMO GAP = ', 0.34782454016462117)
('LUMO-HOMO GAP = ', 0.3478246139842557)
('LUMO-HOMO GAP = ', 0.34782463518171103)
('LUMO-HOMO GAP = ', 0.3478246334159393)
converged SCF energy = -76.0509515907919
('LUMO-HOMO GAP = ', 0.3478246334159393)
('LUMO-HOMO GAP = ', 0.35506026600471685)
('LUMO-HOMO GAP = ', 0.35506108646597945)
('LUMO-HOMO GAP = ', 0.3550611267843996)
('LUMO-HOMO GAP = ', 0.35506107801100173)
('LUMO-HOMO GAP = ', 0.35506109773883276)
('LUMO-HOMO GAP = ', 0.35506108414544757)
converged SCF energy = -80.6617375726069
('LUMO-HOMO GAP = ', 0.35506108414544757)
('grad_max = ', 6.23758743130802e-05)
('W = ', 155.19919247349887)
('Max Abs Ovlp Value = ', 0.0001390008749007824)
('shape of a-vext-coeff = ', (39, 5))
('shape of b-vext-coeff = ', (39, 8))
('shape of MO-vext-ovlp = ', (5, 8))
('N_iteration = ', 23)
('LUMO-HOMO GAP = ', 0.3478412354147979)
('LUMO-HOMO GAP = ', 0.3478427656184484)
('LUMO-HOMO GAP = ', 0.34784095535225684)
('LUMO-HOMO GAP = ', 0.3478414471815561)
('LUMO-HOMO GAP = ', 0.34784146503081115)
('LUMO-HOMO GAP = ', 0.34784146345501465)
converged SCF energy = -76.0509680593684
('LUMO-HOMO GAP = ', 0.34784146345501465)
('LUMO-HOMO GAP = ', 0.3550809255384847)
('LUMO-HOMO GAP = ', 0.3550810582756436)
('LUMO-HOMO GAP = ', 0.3550816327979336)
('LUMO-HOMO GAP = ', 0.3550814101332579)
('LUMO-HOMO GAP = ', 0.35508147098389037)
('LUMO-HOMO GAP = ', 0.3550814603332247)
('LUMO-HOMO GAP = ', 0.3550814610197567)
converged SCF energy = -80.6617318364735
('LUMO-HOMO GAP = ', 0.3550814610197567)
('grad_max = ', 7.155077318166114e-05)
('W = ', 155.1991924063851)
('Max Abs Ovlp Value = ', 0.00013255584407042482)
('shape of a-vext-coeff = ', (39, 5))
('shape of b-vext-coeff = ', (39, 8))
('shape of MO-vext-ovlp = ', (5, 8))
('N_iteration = ', 24)
('LUMO-HOMO GAP = ', 0.34790614449812035)
('LUMO-HOMO GAP = ', 0.3479014018258423)
('LUMO-HOMO GAP = ', 0.3479044063061789)
('LUMO-HOMO GAP = ', 0.3479036758756203)
('LUMO-HOMO GAP = ', 0.34790374236363064)
('LUMO-HOMO GAP = ', 0.3479037419217285)
converged SCF energy = -76.0509920875285
('LUMO-HOMO GAP = ', 0.3479037419217285)
('LUMO-HOMO GAP = ', 0.3551111110402232)
('LUMO-HOMO GAP = ', 0.3551081172127089)
('LUMO-HOMO GAP = ', 0.3551117388186449)
('LUMO-HOMO GAP = ', 0.35511143070062695)
('LUMO-HOMO GAP = ', 0.3551115087031824)
('LUMO-HOMO GAP = ', 0.355111505958847)
('LUMO-HOMO GAP = ', 0.35511150559966315)
converged SCF energy = -80.6617176550588
('LUMO-HOMO GAP = ', 0.35511150559966315)
('grad_max = ', 0.00016369194957318797)
('W = ', 155.19919233690797)
('Max Abs Ovlp Value = ', 0.00012025287291911674)
('shape of a-vext-coeff = ', (39, 5))
('shape of b-vext-coeff = ', (39, 8))
('shape of MO-vext-ovlp = ', (5, 8))
('N_iteration = ', 25)
('LUMO-HOMO GAP = ', 0.3479387216970174)
('LUMO-HOMO GAP = ', 0.3479378164624827)
('LUMO-HOMO GAP = ', 0.347939244659251)
('LUMO-HOMO GAP = ', 0.34793859366793156)
('LUMO-HOMO GAP = ', 0.3479386539135496)
('LUMO-HOMO GAP = ', 0.34793865064568263)
converged SCF energy = -76.0510014554623
('LUMO-HOMO GAP = ', 0.34793865064568263)
('LUMO-HOMO GAP = ', 0.3551394510326281)
('LUMO-HOMO GAP = ', 0.35513801103574416)
('LUMO-HOMO GAP = ', 0.35513877756080336)
('LUMO-HOMO GAP = ', 0.35513831931830153)
('LUMO-HOMO GAP = ', 0.35513841263379786)
('LUMO-HOMO GAP = ', 0.35513841236079946)
('LUMO-HOMO GAP = ', 0.35513841253322537)
converged SCF energy = -80.6617209933892
('LUMO-HOMO GAP = ', 0.35513841253322537)
('grad_max = ', 7.82489194185998e-05)
('W = ', 155.19919226520472)
('Max Abs Ovlp Value = ', 0.00010879565869387232)
('shape of a-vext-coeff = ', (39, 5))
('shape of b-vext-coeff = ', (39, 8))
('shape of MO-vext-ovlp = ', (5, 8))
('N_iteration = ', 26)
('LUMO-HOMO GAP = ', 0.3479595048200247)
('LUMO-HOMO GAP = ', 0.34795853152284084)
('LUMO-HOMO GAP = ', 0.34795963666425395)
('LUMO-HOMO GAP = ', 0.34795945409147205)
('LUMO-HOMO GAP = ', 0.34795945103038717)
converged SCF energy = -76.0510008896585
('LUMO-HOMO GAP = ', 0.34795945103038717)
('LUMO-HOMO GAP = ', 0.35514982512434534)
('LUMO-HOMO GAP = ', 0.3551475293959348)
('LUMO-HOMO GAP = ', 0.35514882804896236)
('LUMO-HOMO GAP = ', 0.35514871137528525)
('LUMO-HOMO GAP = ', 0.3551487249385698)
('LUMO-HOMO GAP = ', 0.35514872574927603)
('LUMO-HOMO GAP = ', 0.3551487260778009)
converged SCF energy = -80.6617161903133
('LUMO-HOMO GAP = ', 0.3551487260778009)
('grad_max = ', 5.572857826260935e-05)
('W = ', 155.19919221845282)
('Max Abs Ovlp Value = ', 0.00010373999360932278)
('shape of a-vext-coeff = ', (39, 5))
('shape of b-vext-coeff = ', (39, 8))
('shape of MO-vext-ovlp = ', (5, 8))
('N_iteration = ', 27)
('LUMO-HOMO GAP = ', 0.34800053782460516)
('LUMO-HOMO GAP = ', 0.3480020008168152)
('LUMO-HOMO GAP = ', 0.34800144608675637)
('LUMO-HOMO GAP = ', 0.34800180823178933)
('LUMO-HOMO GAP = ', 0.34800176691570395)
('LUMO-HOMO GAP = ', 0.3480017725318276)
converged SCF energy = -76.0509896242281
('LUMO-HOMO GAP = ', 0.3480017725318276)
('LUMO-HOMO GAP = ', 0.3551633404602167)
('LUMO-HOMO GAP = ', 0.3551608720805328)
('LUMO-HOMO GAP = ', 0.35516293789739006)
('LUMO-HOMO GAP = ', 0.3551627138854443)
('LUMO-HOMO GAP = ', 0.3551627549529638)
('LUMO-HOMO GAP = ', 0.35516275939320086)
('LUMO-HOMO GAP = ', 0.35516275876662284)
converged SCF energy = -80.6616911902777
('LUMO-HOMO GAP = ', 0.35516275876662284)
('grad_max = ', 0.0001005501952445198)
('W = ', 155.19919214369145)
('Max Abs Ovlp Value = ', 9.290189084440311e-05)
('shape of a-vext-coeff = ', (39, 5))
('shape of b-vext-coeff = ', (39, 8))
('shape of MO-vext-ovlp = ', (5, 8))
('N_iteration = ', 28)
('LUMO-HOMO GAP = ', 0.34803900514256947)
('LUMO-HOMO GAP = ', 0.34805908705215227)
('LUMO-HOMO GAP = ', 0.34804872787913743)
('LUMO-HOMO GAP = ', 0.34804879704451397)
('LUMO-HOMO GAP = ', 0.34804881698907403)
converged SCF energy = -76.0509790706359
('LUMO-HOMO GAP = ', 0.34804881698907403)
('LUMO-HOMO GAP = ', 0.35521160696446963)
('LUMO-HOMO GAP = ', 0.3552087762092331)
('LUMO-HOMO GAP = ', 0.35521152814722046)
('LUMO-HOMO GAP = ', 0.35521105827315175)
('LUMO-HOMO GAP = ', 0.35521105765095395)
('LUMO-HOMO GAP = ', 0.35521105910663436)
converged SCF energy = -80.6616437002968
('LUMO-HOMO GAP = ', 0.35521105910663436)
('grad_max = ', 8.208717083173461e-05)
('W = ', 155.1991920887278)
('Max Abs Ovlp Value = ', 8.050786554239471e-05)
('shape of a-vext-coeff = ', (39, 5))
('shape of b-vext-coeff = ', (39, 8))
('shape of MO-vext-ovlp = ', (5, 8))
('N_iteration = ', 29)
('LUMO-HOMO GAP = ', 0.34805617996165084)
('LUMO-HOMO GAP = ', 0.3480679285455144)
('LUMO-HOMO GAP = ', 0.34806129989590523)
('LUMO-HOMO GAP = ', 0.3480614237735312)
('LUMO-HOMO GAP = ', 0.3480614427409153)
converged SCF energy = -76.0509730539569
('LUMO-HOMO GAP = ', 0.3480614427409153)
('LUMO-HOMO GAP = ', 0.35521258616010176)
('LUMO-HOMO GAP = ', 0.35521404602725865)
('LUMO-HOMO GAP = ', 0.35521390635370126)
('LUMO-HOMO GAP = ', 0.35521388709858615)
('LUMO-HOMO GAP = ', 0.3552138813658641)
('LUMO-HOMO GAP = ', 0.3552138909062587)
converged SCF energy = -80.6616056919754
('LUMO-HOMO GAP = ', 0.3552138909062587)
('grad_max = ', 0.00013408744129878025)
('W = ', 155.19919203382963)
('Max Abs Ovlp Value = ', 7.02840482550395e-05)
('shape of a-vext-coeff = ', (39, 5))
('shape of b-vext-coeff = ', (39, 8))
('shape of MO-vext-ovlp = ', (5, 8))
('N_iteration = ', 30)
('LUMO-HOMO GAP = ', 0.348119669265074)
('LUMO-HOMO GAP = ', 0.34812020143771405)
('LUMO-HOMO GAP = ', 0.3481180927189683)
('LUMO-HOMO GAP = ', 0.34811899537733815)
('LUMO-HOMO GAP = ', 0.34811890514630783)
('LUMO-HOMO GAP = ', 0.34811891295466824)
converged SCF energy = -76.0509404378023
('LUMO-HOMO GAP = ', 0.34811891295466824)
('LUMO-HOMO GAP = ', 0.35526596962128704)
('LUMO-HOMO GAP = ', 0.3552701507840222)
('LUMO-HOMO GAP = ', 0.35526909150833347)
('LUMO-HOMO GAP = ', 0.3552693785050412)
('LUMO-HOMO GAP = ', 0.3552693679120796)
('LUMO-HOMO GAP = ', 0.35526937323618085)
('LUMO-HOMO GAP = ', 0.355269372326265)
converged SCF energy = -80.661544794623
('LUMO-HOMO GAP = ', 0.355269372326265)
('grad_max = ', 0.00019446474245182754)
('W = ', 155.19919199603004)
('Max Abs Ovlp Value = ', 5.78459781989505e-05)
('shape of a-vext-coeff = ', (39, 5))
('shape of b-vext-coeff = ', (39, 8))
('shape of MO-vext-ovlp = ', (5, 8))
('N_iteration = ', 31)
('LUMO-HOMO GAP = ', 0.3480834092914754)
('LUMO-HOMO GAP = ', 0.34809456666934696)
('LUMO-HOMO GAP = ', 0.3480884588597387)
('LUMO-HOMO GAP = ', 0.3480885384689999)
('LUMO-HOMO GAP = ', 0.34808857690932804)
('LUMO-HOMO GAP = ', 0.3480885724355951)
converged SCF energy = -76.0509500396826
('LUMO-HOMO GAP = ', 0.3480885724355951)
('LUMO-HOMO GAP = ', 0.3552539273324914)
('LUMO-HOMO GAP = ', 0.35525478702073693)
('LUMO-HOMO GAP = ', 0.3552538334050429)
('LUMO-HOMO GAP = ', 0.3552538766232036)
('LUMO-HOMO GAP = ', 0.3552538732310029)
converged SCF energy = -80.6615454372843
('LUMO-HOMO GAP = ', 0.3552538732310029)
('grad_max = ', 5.728620996620082e-05)
('W = ', 155.19919196751286)
('Max Abs Ovlp Value = ', 5.733248594754959e-05)
('shape of a-vext-coeff = ', (39, 5))
('shape of b-vext-coeff = ', (39, 8))
('shape of MO-vext-ovlp = ', (5, 8))
('N_iteration = ', 32)
('LUMO-HOMO GAP = ', 0.34807925101063625)
('LUMO-HOMO GAP = ', 0.3480825600861971)
('LUMO-HOMO GAP = ', 0.34808068766867384)
('LUMO-HOMO GAP = ', 0.3480807646079606)
('LUMO-HOMO GAP = ', 0.34808077656900405)
converged SCF energy = -76.0509494289212
('LUMO-HOMO GAP = ', 0.34808077656900405)
('LUMO-HOMO GAP = ', 0.35525133681625065)
('LUMO-HOMO GAP = ', 0.3552522041318953)
('LUMO-HOMO GAP = ', 0.3552513470093626)
('LUMO-HOMO GAP = ', 0.35525141778928016)
('LUMO-HOMO GAP = ', 0.35525139832143043)
('LUMO-HOMO GAP = ', 0.3552513987741148)
converged SCF energy = -80.6615441222208
('LUMO-HOMO GAP = ', 0.3552513987741148)
('grad_max = ', 4.345783654873675e-05)
('W = ', 155.1991919493891)
('Max Abs Ovlp Value = ', 5.615564073363128e-05)
('shape of a-vext-coeff = ', (39, 5))
('shape of b-vext-coeff = ', (39, 8))
('shape of MO-vext-ovlp = ', (5, 8))
('N_iteration = ', 33)
('LUMO-HOMO GAP = ', 0.3480823306239046)
('LUMO-HOMO GAP = ', 0.34808608612095915)
('LUMO-HOMO GAP = ', 0.3480838165961903)
('LUMO-HOMO GAP = ', 0.34808413895032936)
('LUMO-HOMO GAP = ', 0.34808411267204087)
converged SCF energy = -76.0509346329794
('LUMO-HOMO GAP = ', 0.34808411267204087)
('LUMO-HOMO GAP = ', 0.3552565496420564)
('LUMO-HOMO GAP = ', 0.3552593591759071)
('LUMO-HOMO GAP = ', 0.3552571212780219)
('LUMO-HOMO GAP = ', 0.35525732135932814)
('LUMO-HOMO GAP = ', 0.35525726980057054)
('LUMO-HOMO GAP = ', 0.35525726904014704)
('LUMO-HOMO GAP = ', 0.35525726925952067)
converged SCF energy = -80.6615259960838
('LUMO-HOMO GAP = ', 0.35525726925952067)
('grad_max = ', 6.80251133069465e-05)
('W = ', 155.19919191257574)
('Max Abs Ovlp Value = ', 4.894396891324435e-05)
('shape of a-vext-coeff = ', (39, 5))
('shape of b-vext-coeff = ', (39, 8))
('shape of MO-vext-ovlp = ', (5, 8))
('N_iteration = ', 34)
('LUMO-HOMO GAP = ', 0.34810810394741115)
('LUMO-HOMO GAP = ', 0.3481039659240415)
('LUMO-HOMO GAP = ', 0.3481066977750933)
('LUMO-HOMO GAP = ', 0.3481058056490345)
('LUMO-HOMO GAP = ', 0.3481057554553598)
('LUMO-HOMO GAP = ', 0.34810575747320344)
converged SCF energy = -76.0509037328218
('LUMO-HOMO GAP = ', 0.34810575747320344)
('LUMO-HOMO GAP = ', 0.35528520842360173)
('LUMO-HOMO GAP = ', 0.3552885770750597)
('LUMO-HOMO GAP = ', 0.35528598185200244)
('LUMO-HOMO GAP = ', 0.35528639705389226)
('LUMO-HOMO GAP = ', 0.35528635304075384)
('LUMO-HOMO GAP = ', 0.35528635204301084)
('LUMO-HOMO GAP = ', 0.35528635151395416)
converged SCF energy = -80.6614980495997
('LUMO-HOMO GAP = ', 0.35528635151395416)
('grad_max = ', 0.0002012946959254469)
('W = ', 155.1991919070257)
('Max Abs Ovlp Value = ', 3.8585845733639876e-05)
('shape of a-vext-coeff = ', (39, 5))
('shape of b-vext-coeff = ', (39, 8))
('shape of MO-vext-ovlp = ', (5, 8))
('N_iteration = ', 35)
('LUMO-HOMO GAP = ', 0.348109098176543)
('LUMO-HOMO GAP = ', 0.34811022869586666)
('LUMO-HOMO GAP = ', 0.3481099990833164)
('LUMO-HOMO GAP = ', 0.348110183955026)
('LUMO-HOMO GAP = ', 0.348110133217592)
('LUMO-HOMO GAP = ', 0.34811013196616347)
converged SCF energy = -76.0509019214673
('LUMO-HOMO GAP = ', 0.34811013196616347)
('LUMO-HOMO GAP = ', 0.3552803407969933)
('LUMO-HOMO GAP = ', 0.35528091758221875)
('LUMO-HOMO GAP = ', 0.3552806182151325)
('LUMO-HOMO GAP = ', 0.3552806314908631)
('LUMO-HOMO GAP = ', 0.35528061528433663)
('LUMO-HOMO GAP = ', 0.35528063037107227)
converged SCF energy = -80.6614901591291
('LUMO-HOMO GAP = ', 0.35528063037107227)
('grad_max = ', 5.4852380934777845e-05)
('W = ', 155.19919187892637)
('Max Abs Ovlp Value = ', 3.607120461370204e-05)
('shape of a-vext-coeff = ', (39, 5))
('shape of b-vext-coeff = ', (39, 8))
('shape of MO-vext-ovlp = ', (5, 8))
('N_iteration = ', 36)
('LUMO-HOMO GAP = ', 0.3481167960169392)
('LUMO-HOMO GAP = ', 0.3481146629511779)
('LUMO-HOMO GAP = ', 0.348115963248869)
('LUMO-HOMO GAP = ', 0.34811594359724257)
('LUMO-HOMO GAP = ', 0.3481159320634061)
converged SCF energy = -76.0508984150607
('LUMO-HOMO GAP = ', 0.3481159320634061)
('LUMO-HOMO GAP = ', 0.3552815861268809)
('LUMO-HOMO GAP = ', 0.3552819551748912)
('LUMO-HOMO GAP = ', 0.355281858340548)
('LUMO-HOMO GAP = ', 0.35528189303517205)
('LUMO-HOMO GAP = ', 0.3552818838705004)
('LUMO-HOMO GAP = ', 0.35528189091758317)
converged SCF energy = -80.6614842423139
('LUMO-HOMO GAP = ', 0.35528189091758317)
('grad_max = ', 2.6284250818860155e-05)
('W = ', 155.19919187204908)
('Max Abs Ovlp Value = ', 3.4470332752219035e-05)
('shape of a-vext-coeff = ', (39, 5))
('shape of b-vext-coeff = ', (39, 8))
('shape of MO-vext-ovlp = ', (5, 8))
('N_iteration = ', 37)
('LUMO-HOMO GAP = ', 0.34812190732870885)
('LUMO-HOMO GAP = ', 0.3481187451595519)
('LUMO-HOMO GAP = ', 0.3481205952543533)
('LUMO-HOMO GAP = ', 0.34812058201271884)
('LUMO-HOMO GAP = ', 0.34812055824351584)
converged SCF energy = -76.0508914573402
('LUMO-HOMO GAP = ', 0.34812055824351584)
('LUMO-HOMO GAP = ', 0.3552837180690719)
('LUMO-HOMO GAP = ', 0.35528490292242687)
('LUMO-HOMO GAP = ', 0.35528425469537345)
('LUMO-HOMO GAP = ', 0.35528436861405593)
('LUMO-HOMO GAP = ', 0.35528435027824357)
('LUMO-HOMO GAP = ', 0.3552843521929873)
converged SCF energy = -80.6614740723702
('LUMO-HOMO GAP = ', 0.3552843521929873)
('grad_max = ', 2.6370315416524015e-05)
('W = ', 155.19919186417675)
('Max Abs Ovlp Value = ', 3.143079853742204e-05)
('shape of a-vext-coeff = ', (39, 5))
('shape of b-vext-coeff = ', (39, 8))
('shape of MO-vext-ovlp = ', (5, 8))
('N_iteration = ', 38)
('LUMO-HOMO GAP = ', 0.3481209931089905)
('LUMO-HOMO GAP = ', 0.3481195312570037)
('LUMO-HOMO GAP = ', 0.3481205320255175)
('LUMO-HOMO GAP = ', 0.34812045311855666)
('LUMO-HOMO GAP = ', 0.3481204345280564)
converged SCF energy = -76.0508855790297
('LUMO-HOMO GAP = ', 0.3481204345280564)
('LUMO-HOMO GAP = ', 0.3552846029669584)
('LUMO-HOMO GAP = ', 0.3552862479177147)
('LUMO-HOMO GAP = ', 0.35528526062841265)
('LUMO-HOMO GAP = ', 0.3552853564198223)
('LUMO-HOMO GAP = ', 0.35528534739391326)
('LUMO-HOMO GAP = ', 0.3552853482222105)
converged SCF energy = -80.6614655282032
('LUMO-HOMO GAP = ', 0.3552853482222105)
('grad_max = ', 3.682378659047858e-05)
('W = ', 155.19919185411428)
('Max Abs Ovlp Value = ', 2.8269869673414605e-05)
('shape of a-vext-coeff = ', (39, 5))
('shape of b-vext-coeff = ', (39, 8))
('shape of MO-vext-ovlp = ', (5, 8))
('N_iteration = ', 39)
('LUMO-HOMO GAP = ', 0.34811732039613386)
('LUMO-HOMO GAP = ', 0.34811506395059344)
('LUMO-HOMO GAP = ', 0.3481162823070309)
('LUMO-HOMO GAP = ', 0.34811599347776556)
('LUMO-HOMO GAP = ', 0.3481159719686222)
converged SCF energy = -76.0508791650352
('LUMO-HOMO GAP = ', 0.3481159719686222)
('LUMO-HOMO GAP = ', 0.35528153313071664)
('LUMO-HOMO GAP = ', 0.3552827125345327)
('LUMO-HOMO GAP = ', 0.35528238479633323)
('LUMO-HOMO GAP = ', 0.3552825568171779)
('LUMO-HOMO GAP = ', 0.3552825385360652)
('LUMO-HOMO GAP = ', 0.3552825461432741)
converged SCF energy = -80.661460141469
('LUMO-HOMO GAP = ', 0.3552825461432741)
('grad_max = ', 6.680931480014529e-05)
('W = ', 155.1991918432846)
('Max Abs Ovlp Value = ', 2.2683632453047147e-05)
('shape of a-vext-coeff = ', (39, 5))
('shape of b-vext-coeff = ', (39, 8))
('shape of MO-vext-ovlp = ', (5, 8))
('N_iteration = ', 40)
('LUMO-HOMO GAP = ', 0.3481112078163551)
('LUMO-HOMO GAP = ', 0.34811868631364457)
('LUMO-HOMO GAP = ', 0.3481149192699871)
('LUMO-HOMO GAP = ', 0.34811501990913885)
('LUMO-HOMO GAP = ', 0.3481150064363783)
converged SCF energy = -76.0508697562683
('LUMO-HOMO GAP = ', 0.3481150064363783)
('LUMO-HOMO GAP = ', 0.35528778841018027)
('LUMO-HOMO GAP = ', 0.35528892797213785)
('LUMO-HOMO GAP = ', 0.3552877737164346)
('LUMO-HOMO GAP = ', 0.3552879266371344)
('LUMO-HOMO GAP = ', 0.3552879113276619)
('LUMO-HOMO GAP = ', 0.35528791239302343)
converged SCF energy = -80.6614576290992
('LUMO-HOMO GAP = ', 0.35528791239302343)
('grad_max = ', 3.1966232458477406e-05)
('W = ', 155.19919183170308)
('Max Abs Ovlp Value = ', 1.864796188863538e-05)
('shape of a-vext-coeff = ', (39, 5))
('shape of b-vext-coeff = ', (39, 8))
('shape of MO-vext-ovlp = ', (5, 8))
('N_iteration = ', 41)
('LUMO-HOMO GAP = ', 0.3481135719834544)
('LUMO-HOMO GAP = ', 0.34811735603782035)
('LUMO-HOMO GAP = ', 0.3481152827139523)
('LUMO-HOMO GAP = ', 0.3481152934248991)
('LUMO-HOMO GAP = ', 0.3481153105303858)
converged SCF energy = -76.0508715378996
('LUMO-HOMO GAP = ', 0.3481153105303858)
('LUMO-HOMO GAP = ', 0.3552864490508171)
('LUMO-HOMO GAP = ', 0.35528523240250887)
('LUMO-HOMO GAP = ', 0.3552859103983121)
('LUMO-HOMO GAP = ', 0.35528584459171836)
('LUMO-HOMO GAP = ', 0.355285855082909)
('LUMO-HOMO GAP = ', 0.35528585453235856)
converged SCF energy = -80.6614615329165
('LUMO-HOMO GAP = ', 0.35528585453235856)
('grad_max = ', 2.3676982891018827e-05)
('W = ', 155.19919182728728)
('Max Abs Ovlp Value = ', 1.8891888069905265e-05)
('shape of a-vext-coeff = ', (39, 5))
('shape of b-vext-coeff = ', (39, 8))
('shape of MO-vext-ovlp = ', (5, 8))
('N_iteration = ', 42)
('LUMO-HOMO GAP = ', 0.34811197861987464)
('LUMO-HOMO GAP = ', 0.3481174438447644)
('LUMO-HOMO GAP = ', 0.34811433006457254)
('LUMO-HOMO GAP = ', 0.3481143178305542)
('LUMO-HOMO GAP = ', 0.34811433363492905)
converged SCF energy = -76.0508710682892
('LUMO-HOMO GAP = ', 0.34811433363492905)
('LUMO-HOMO GAP = ', 0.35528959728184667)
('LUMO-HOMO GAP = ', 0.3552875459558065)
('LUMO-HOMO GAP = ', 0.35528884055087123)
('LUMO-HOMO GAP = ', 0.3552887117374954)
('LUMO-HOMO GAP = ', 0.3552887240733652)
('LUMO-HOMO GAP = ', 0.35528872245964976)
converged SCF energy = -80.6614661707393
('LUMO-HOMO GAP = ', 0.35528872245964976)
('grad_max = ', 2.731824555746165e-05)
('W = ', 155.19919182228492)
('Max Abs Ovlp Value = ', 1.817141335784998e-05)
('shape of a-vext-coeff = ', (39, 5))
('shape of b-vext-coeff = ', (39, 8))
('shape of MO-vext-ovlp = ', (5, 8))
('N_iteration = ', 43)
('LUMO-HOMO GAP = ', 0.34810124838149137)
('LUMO-HOMO GAP = ', 0.3481083078172983)
('LUMO-HOMO GAP = ', 0.34810457280522755)
('LUMO-HOMO GAP = ', 0.3481046311518856)
('LUMO-HOMO GAP = ', 0.3481046602946971)
converged SCF energy = -76.0508705514835
('LUMO-HOMO GAP = ', 0.3481046602946971)
('LUMO-HOMO GAP = ', 0.3552763553029331)
('LUMO-HOMO GAP = ', 0.35527411482356597)
('LUMO-HOMO GAP = ', 0.3552753266018883)
('LUMO-HOMO GAP = ', 0.3552751733134941)
('LUMO-HOMO GAP = ', 0.35527520172054206)
('LUMO-HOMO GAP = ', 0.3552752019930848)
converged SCF energy = -80.6614684743494
('LUMO-HOMO GAP = ', 0.3552752019930848)
('grad_max = ', 0.00010094880101391146)
('W = ', 155.19919182026243)
('Max Abs Ovlp Value = ', 1.506132760944825e-05)
('shape of a-vext-coeff = ', (39, 5))
('shape of b-vext-coeff = ', (39, 8))
('shape of MO-vext-ovlp = ', (5, 8))
('N_iteration = ', 44)
('LUMO-HOMO GAP = ', 0.34811198187785286)
('LUMO-HOMO GAP = ', 0.3481110076083505)
('LUMO-HOMO GAP = ', 0.348111528776001)
('LUMO-HOMO GAP = ', 0.34811138911291273)
('LUMO-HOMO GAP = ', 0.34811137831864464)
converged SCF energy = -76.0508665662982
('LUMO-HOMO GAP = ', 0.34811137831864464)
('LUMO-HOMO GAP = ', 0.3552855510844802)
('LUMO-HOMO GAP = ', 0.3552851738296746)
('LUMO-HOMO GAP = ', 0.35528560747475213)
('LUMO-HOMO GAP = ', 0.3552855644670209)
('LUMO-HOMO GAP = ', 0.3552855674956071)
converged SCF energy = -80.6614650225223
('LUMO-HOMO GAP = ', 0.3552855674956071)
('grad_max = ', 3.8167933649746466e-05)
('W = ', 155.19919181520604)
('Max Abs Ovlp Value = ', 1.4792138433564093e-05)
('shape of a-vext-coeff = ', (39, 5))
('shape of b-vext-coeff = ', (39, 8))
('shape of MO-vext-ovlp = ', (5, 8))
('N_iteration = ', 45)
('LUMO-HOMO GAP = ', 0.3481153293363694)
('LUMO-HOMO GAP = ', 0.3481148851126997)
('LUMO-HOMO GAP = ', 0.3481151941611621)
('LUMO-HOMO GAP = ', 0.3481150724216142)
('LUMO-HOMO GAP = ', 0.34811506727426933)
converged SCF energy = -76.0508618751864
('LUMO-HOMO GAP = ', 0.34811506727426933)
('LUMO-HOMO GAP = ', 0.3552930444205931)
('LUMO-HOMO GAP = ', 0.35529244141788846)
('LUMO-HOMO GAP = ', 0.3552929730019178)
('LUMO-HOMO GAP = ', 0.355292924834015)
('LUMO-HOMO GAP = ', 0.3552929277566574)
converged SCF energy = -80.6614595609222
('LUMO-HOMO GAP = ', 0.3552929277566574)
('grad_max = ', 1.535397242208303e-05)
('W = ', 155.19919181236656)
('Max Abs Ovlp Value = ', 1.4431666550051717e-05)
('shape of a-vext-coeff = ', (39, 5))
('shape of b-vext-coeff = ', (39, 8))
('shape of MO-vext-ovlp = ', (5, 8))
('N_iteration = ', 46)
('LUMO-HOMO GAP = ', 0.34811455302315064)
('LUMO-HOMO GAP = ', 0.34811472070275573)
('LUMO-HOMO GAP = ', 0.3481146001152583)
('LUMO-HOMO GAP = ', 0.3481146588472975)
('LUMO-HOMO GAP = ', 0.34811465825817456)
converged SCF energy = -76.0508599957501
('LUMO-HOMO GAP = ', 0.34811465825817456)
('LUMO-HOMO GAP = ', 0.35529505153390034)
('LUMO-HOMO GAP = ', 0.3552945720503092)
('LUMO-HOMO GAP = ', 0.3552949242243773)
('LUMO-HOMO GAP = ', 0.3552948876358542)
('LUMO-HOMO GAP = ', 0.3552948908015006)
converged SCF energy = -80.6614564187276
('LUMO-HOMO GAP = ', 0.3552948908015006)
('grad_max = ', 1.8823614319873894e-05)
('W = ', 155.199191811426)
('Max Abs Ovlp Value = ', 1.4050525083763898e-05)
('shape of a-vext-coeff = ', (39, 5))
('shape of b-vext-coeff = ', (39, 8))
('shape of MO-vext-ovlp = ', (5, 8))
('N_iteration = ', 47)
('LUMO-HOMO GAP = ', 0.34811525719050285)
('LUMO-HOMO GAP = ', 0.3481140102156953)
('LUMO-HOMO GAP = ', 0.3481148029868719)
('LUMO-HOMO GAP = ', 0.34811473246623426)
('LUMO-HOMO GAP = ', 0.3481147322231106)
converged SCF energy = -76.0508589661134
('LUMO-HOMO GAP = ', 0.3481147322231106)
('LUMO-HOMO GAP = ', 0.35529892788763257)
('LUMO-HOMO GAP = ', 0.35529838471119224)
('LUMO-HOMO GAP = ', 0.3552988372660076)
('LUMO-HOMO GAP = ', 0.35529879649844603)
('LUMO-HOMO GAP = ', 0.35529879887734284)
converged SCF energy = -80.661453759637
('LUMO-HOMO GAP = ', 0.35529879887734284)
('grad_max = ', 2.1241937665672506e-05)
('W = ', 155.19919180849328)
('Max Abs Ovlp Value = ', 1.331813719630072e-05)
('shape of a-vext-coeff = ', (39, 5))
('shape of b-vext-coeff = ', (39, 8))
('shape of MO-vext-ovlp = ', (5, 8))
('N_iteration = ', 48)
('LUMO-HOMO GAP = ', 0.34809996188507125)
('LUMO-HOMO GAP = ', 0.34810365595715964)
('LUMO-HOMO GAP = ', 0.34810166938739756)
('LUMO-HOMO GAP = ', 0.34810230542764753)
('LUMO-HOMO GAP = ', 0.3481023397577583)
('LUMO-HOMO GAP = ', 0.34810233806576907)
converged SCF energy = -76.0508718022828
('LUMO-HOMO GAP = ', 0.34810233806576907)
('LUMO-HOMO GAP = ', 0.35529930452699815)
('LUMO-HOMO GAP = ', 0.35529885125362276)
('LUMO-HOMO GAP = ', 0.35529966112158257)
('LUMO-HOMO GAP = ', 0.3552993092110907)
('LUMO-HOMO GAP = ', 0.3552993373507982)
('LUMO-HOMO GAP = ', 0.35529933702462685)
('LUMO-HOMO GAP = ', 0.3552993377671045)
converged SCF energy = -80.6614519017051
('LUMO-HOMO GAP = ', 0.3552993377671045)
('grad_max = ', 0.00015397916339277007)
('W = ', 155.19919182050944)
('Max Abs Ovlp Value = ', 1.813056816277489e-05)
('shape of a-vext-coeff = ', (39, 5))
('shape of b-vext-coeff = ', (39, 8))
('shape of MO-vext-ovlp = ', (5, 8))
('N_iteration = ', 49)
('LUMO-HOMO GAP = ', 0.3481135857460199)
('LUMO-HOMO GAP = ', 0.34811077141394825)
('LUMO-HOMO GAP = ', 0.348112285198918)
('LUMO-HOMO GAP = ', 0.3481118009129831)
('LUMO-HOMO GAP = ', 0.3481117747579053)
('LUMO-HOMO GAP = ', 0.3481117760452417)
converged SCF energy = -76.0508620248239
('LUMO-HOMO GAP = ', 0.3481117760452417)
('LUMO-HOMO GAP = ', 0.3552989528101017)
('LUMO-HOMO GAP = ', 0.35529929724594805)
('LUMO-HOMO GAP = ', 0.35529868133333836)
('LUMO-HOMO GAP = ', 0.3552989492907432)
('LUMO-HOMO GAP = ', 0.35529892776659405)
('LUMO-HOMO GAP = ', 0.3552989280183116)
('LUMO-HOMO GAP = ', 0.35529892745261715)
converged SCF energy = -80.6614533148957
('LUMO-HOMO GAP = ', 0.35529892745261715)
('grad_max = ', 3.110316435118998e-05)
('W = ', 155.19919180718654)
('Max Abs Ovlp Value = ', 1.2790582572167454e-05)
('shape of a-vext-coeff = ', (39, 5))
('shape of b-vext-coeff = ', (39, 8))
('shape of MO-vext-ovlp = ', (5, 8))
('N_iteration = ', 50)
('LUMO-HOMO GAP = ', 0.3481121876223113)
('LUMO-HOMO GAP = ', 0.3481098880410651)
('LUMO-HOMO GAP = ', 0.34811120024098113)
('LUMO-HOMO GAP = ', 0.34811114419605815)
('LUMO-HOMO GAP = ', 0.34811114740254984)
converged SCF energy = -76.0508641662031
('LUMO-HOMO GAP = ', 0.34811114740254984)
('LUMO-HOMO GAP = ', 0.3553016257046082)
('LUMO-HOMO GAP = ', 0.3553016100348738)
('LUMO-HOMO GAP = ', 0.35530172786034303)
('LUMO-HOMO GAP = ', 0.35530168250868327)
('LUMO-HOMO GAP = ', 0.355301692978888)
converged SCF energy = -80.6614548848587
('LUMO-HOMO GAP = ', 0.355301692978888)
('grad_max = ', 1.0775631074766423e-05)
('W = ', 155.19919180503805)
('Max Abs Ovlp Value = ', 1.2117611030598612e-05)
('shape of a-vext-coeff = ', (39, 5))
('shape of b-vext-coeff = ', (39, 8))
('shape of MO-vext-ovlp = ', (5, 8))
('N_iteration = ', 51)
('LUMO-HOMO GAP = ', 0.34811141739887747)
('LUMO-HOMO GAP = ', 0.3481096082092029)
('LUMO-HOMO GAP = ', 0.34811059644708864)
('LUMO-HOMO GAP = ', 0.34811056367342524)
('LUMO-HOMO GAP = ', 0.3481105707967158)
converged SCF energy = -76.0508676368595
('LUMO-HOMO GAP = ', 0.3481105707967158)
('LUMO-HOMO GAP = ', 0.3553023426113959)
('LUMO-HOMO GAP = ', 0.3553028063596629)
('LUMO-HOMO GAP = ', 0.3553025408322828)
('LUMO-HOMO GAP = ', 0.35530257428864126)
('LUMO-HOMO GAP = ', 0.355302566788981)
('LUMO-HOMO GAP = ', 0.3553025679340261)
converged SCF energy = -80.6614585044463
('LUMO-HOMO GAP = ', 0.3553025679340261)
('grad_max = ', 9.149125075658127e-06)
('W = ', 155.19919180390983)
('Max Abs Ovlp Value = ', 1.1715855442710443e-05)
('shape of a-vext-coeff = ', (39, 5))
('shape of b-vext-coeff = ', (39, 8))
('shape of MO-vext-ovlp = ', (5, 8))
('N_iteration = ', 52)
[-0.00913271  0.01270936  0.00703364 ... -0.03738789 -0.03959505
  0.01331777]
155.19919180390983
{'warnflag': 0, 'task': 'CONVERGENCE: NORM_OF_PROJECTED_GRADIENT_<=_PGTOL', 'grad': array([ 4.23481225e-07, -1.83514179e-06, -1.09633868e-07, ...,
        4.08673063e-08, -2.02138924e-06, -3.96293867e-07]), 'nit': 48, 'funcalls': 52}
